<?xml version="1.0" encoding="UTF-8"?>
<!-- Generated by org.testng.reporters.JUnitReportReporter -->
<testsuite hostname="LDCHLAP-PRADEEP" failures="0" tests="1" name="test.Login_Page" time="4.109" errors="0" timestamp="2021-04-21T08:41:33 IST" skipped="0">
  <testcase classname="test.Login_Page" name="login" time="4.109"/>
  <system-out/>
</testsuite> <!-- test.Login_Page -->
