<?xml version="1.0" encoding="UTF-8"?>
<!-- Generated by org.testng.reporters.JUnitReportReporter -->
<testsuite hostname="LDCHLAP-PRADEEP" failures="0" tests="1" name="test.Sample6" time="21.964" errors="0" timestamp="2021-04-15T19:04:17 IST" skipped="0">
  <testcase classname="test.Sample6" name="method" time="21.964"/>
  <system-out/>
</testsuite> <!-- test.Sample6 -->
