<?xml version="1.0" encoding="UTF-8"?>
<!-- Generated by org.testng.reporters.JUnitReportReporter -->
<testsuite hostname="LDCHLAP-PRADEEP" failures="0" tests="3" name="test.Sample2" time="0.008" errors="0" timestamp="2021-01-17T10:48:54 IST" skipped="1">
  <testcase classname="test.Sample2" name="testA" time="0.008"/>
  <system-out/>
  <testcase classname="test.Sample2" name="testB" time="0.000"/>
  <system-out/>
  <testcase classname="test.Sample2" name="testC">
    <skipped/>
  </testcase> <!-- testC -->
  <system-out/>
</testsuite> <!-- test.Sample2 -->
