<?xml version="1.0" encoding="UTF-8"?>
<!-- Generated by org.testng.reporters.JUnitReportReporter -->
<testsuite hostname="LDCHLAP-PRADEEP" failures="0" tests="3" name="test.Sample1" time="0.008" errors="0" timestamp="2021-01-17T10:47:16 IST" skipped="0">
  <testcase classname="test.Sample1" name="testA" time="0.006"/>
  <system-out/>
  <testcase classname="test.Sample1" name="testC" time="0.001"/>
  <system-out/>
  <testcase classname="test.Sample1" name="testB" time="0.001"/>
  <system-out/>
</testsuite> <!-- test.Sample1 -->
