<?xml version="1.0" encoding="UTF-8"?>
<!-- Generated by org.testng.reporters.JUnitReportReporter -->
<testsuite hostname="LDCHLAP-PRADEEP" failures="0" tests="4" name="test.Sample5" time="0.019" errors="0" timestamp="2020-12-24T11:29:19 IST" skipped="0">
  <testcase classname="test.Sample5" name="advancedsearch" time="0.016"/>
  <system-out/>
  <testcase classname="test.Sample5" name="search" time="0.001"/>
  <system-out/>
  <testcase classname="test.Sample5" name="logout" time="0.001"/>
  <system-out/>
  <testcase classname="test.Sample5" name="login" time="0.001"/>
  <system-out/>
</testsuite> <!-- test.Sample5 -->
