<?xml version="1.0" encoding="UTF-8"?>
<!-- Generated by org.testng.reporters.JUnitReportReporter -->
<testsuite hostname="LDCHLAP-PRADEEP" failures="0" tests="3" name="test.Sample4" time="0.010" errors="0" timestamp="2020-12-21T21:29:30 IST" skipped="0">
  <testcase classname="test.Sample4" name="testC" time="0.001"/>
  <system-out/>
  <testcase classname="test.Sample4" name="testB" time="0.001"/>
  <system-out/>
  <testcase classname="test.Sample4" name="testA" time="0.008"/>
  <system-out/>
</testsuite> <!-- test.Sample4 -->
