<?xml version="1.0" encoding="UTF-8"?>
<!-- Generated by org.testng.reporters.JUnitReportReporter -->
<testsuite hostname="LDCHLAP-PRADEEP" failures="0" tests="4" name="test.Sample3" time="0.012" errors="0" timestamp="2020-11-05T09:31:58 IST" skipped="0">
  <testcase classname="test.Sample3" name="search" time="0.001"/>
  <system-out/>
  <testcase classname="test.Sample3" name="login" time="0.009"/>
  <system-out/>
  <testcase classname="test.Sample3" name="logout" time="0.001"/>
  <system-out/>
  <testcase classname="test.Sample3" name="advancedsearch" time="0.001"/>
  <system-out/>
</testsuite> <!-- test.Sample3 -->
